[technext.github.io/CryptoCoin/indexd2fa.html]
[backblue.gif]
[fade.gif]
[index.html]
[technext.github.io/CryptoCoin/img/favicon.ico]
[cdnjs.cloudflare.com/ajax/libs/font-awesome/5.10.0/css/all.min.css]
[cdn.jsdelivr.net/npm/bootstrap-icons@1.4.1/font/bootstrap-icons.css]
[technext.github.io/CryptoCoin/lib/animate/animate.min.css]
[technext.github.io/CryptoCoin/lib/owlcarousel/assets/owl.carousel.min.css]
[technext.github.io/CryptoCoin/css/bootstrap.min.css]
[technext.github.io/CryptoCoin/css/style.css]
[technext.github.io/CryptoCoin/index.html]
[technext.github.io/CryptoCoin/img/icon-1.png]
[technext.github.io/CryptoCoin/about.html]
[technext.github.io/CryptoCoin/service.html]
[technext.github.io/CryptoCoin/roadmap.html]
[technext.github.io/CryptoCoin/feature.html]
[technext.github.io/CryptoCoin/token.html]
[technext.github.io/CryptoCoin/faq.html]
[technext.github.io/CryptoCoin/404.html]
[technext.github.io/CryptoCoin/contact.html]
[technext.github.io/CryptoCoin/img/hero-1.png]
[technext.github.io/CryptoCoin/img/about.png]
[technext.github.io/CryptoCoin/img/icon-9.png]
[technext.github.io/CryptoCoin/img/icon-10.png]
[technext.github.io/CryptoCoin/img/icon-2.png]
[technext.github.io/CryptoCoin/img/icon-7.png]
[technext.github.io/CryptoCoin/img/icon-6.png]
[technext.github.io/CryptoCoin/img/icon-5.png]
[technext.github.io/CryptoCoin/img/icon-4.png]
[technext.github.io/CryptoCoin/img/icon-3.png]
[technext.github.io/CryptoCoin/img/icon-8.png]
[technext.github.io/CryptoCoin/img/payment-1.png]
[technext.github.io/CryptoCoin/img/payment-2.png]
[technext.github.io/CryptoCoin/img/payment-3.png]
[technext.github.io/CryptoCoin/img/payment-4.png]
[code.jquery.com/jquery-3.4.1.min.js]
[cdn.jsdelivr.net/npm/bootstrap@5.0.0/dist/js/bootstrap.bundle.min.js]
[technext.github.io/CryptoCoin/lib/wow/wow.min.js]
[technext.github.io/CryptoCoin/lib/easing/easing.min.js]
[technext.github.io/CryptoCoin/lib/waypoints/waypoints.min.js]
[technext.github.io/CryptoCoin/lib/owlcarousel/owl.carousel.min.js]
[technext.github.io/CryptoCoin/lib/counterup/counterup.min.js]
[technext.github.io/CryptoCoin/js/main.js]
[technext.github.io/CryptoCoin/indexd2fa.html]
[technext.github.io/CryptoCoin/img/favicon.html]
[cdnjs.cloudflare.com/ajax/libs/font-awesome/5.10.0/css/all.min.css]
[cdn.jsdelivr.net/npm/bootstrap-icons@1.4.1/font/fonts/bootstrap-iconsfb95.woff2]
[cdn.jsdelivr.net/npm/bootstrap-icons@1.4.1/font/fonts/bootstrap-iconsfb95.woff]
[cdn.jsdelivr.net/npm/bootstrap-icons@1.4.1/font/bootstrap-icons.css]
[technext.github.io/CryptoCoin/lib/animate/animate.min.css]
[technext.github.io/CryptoCoin/lib/owlcarousel/assets/owl.video.play.png]
[technext.github.io/CryptoCoin/lib/owlcarousel/assets/owl.carousel.min.css]
[technext.github.io/CryptoCoin/css/bootstrap.min.css]
[technext.github.io/CryptoCoin/css/style.css]
[technext.github.io/CryptoCoin/index.html]
[technext.github.io/CryptoCoin/img/hero-2.png]
[technext.github.io/CryptoCoin/about.html]
[technext.github.io/CryptoCoin/service.html]
[technext.github.io/CryptoCoin/roadmap.html]
[technext.github.io/CryptoCoin/feature.html]
[technext.github.io/CryptoCoin/token.html]
[technext.github.io/CryptoCoin/faq.html]
[technext.github.io/CryptoCoin/404.html]
[technext.github.io/CryptoCoin/contact.html]
